
> @synthetic/web@0.1.0 dev
> tsx watch src/index.ts

Web listening on http://localhost:3000
8:48:25 PM [tsx] change in ./src\index.ts Restarting...
cWeb listening on http://localhost:3000
8:49:44 PM [tsx] change in ./src\index.ts Restarting...
cWeb listening on http://localhost:3000
9:15:23 PM [tsx] change in ./src\index.ts Restarting...
cWeb listening on http://localhost:3000
9:24:56 PM [tsx] change in ./src\index.ts Restarting...
cWeb listening on http://localhost:3000
9:25:29 PM [tsx] change in ./src\index.ts Restarting...
cWeb listening on http://localhost:3000
9:25:40 PM [tsx] change in ./src\index.ts Restarting...
cWeb listening on http://localhost:3000
9:55:53 PM [tsx] change in ./src\index.ts Restarting...
cWeb listening on http://localhost:3000
10:07:53 PM [tsx] change in ./src\index.ts Restarting...
cWeb listening on http://localhost:3000
10:18:25 PM [tsx] change in ./src\index.ts Restarting...
cWeb listening on http://localhost:3000
10:18:53 PM [tsx] change in ./src\index.ts Restarting...
cWeb listening on http://localhost:3000
10:19:03 PM [tsx] change in ./src\index.ts Restarting...
cWeb listening on http://localhost:3000
10:19:20 PM [tsx] change in ./src\index.ts Restarting...
cWeb listening on http://localhost:3000
10:29:06 PM [tsx] change in ./src\index.ts Restarting...
cWeb listening on http://localhost:3000
10:45:20 PM [tsx] change in ./src\index.ts Restarting...
cWeb listening on http://localhost:3000
10:45:34 PM [tsx] change in ./src\index.ts Restarting...
cWeb listening on http://localhost:3000
10:47:24 PM [tsx] change in ./src\index.ts Restarting...
cWeb listening on http://localhost:3000
10:47:30 PM [tsx] change in ./src\index.ts Restarting...
cWeb listening on http://localhost:3000
10:50:32 PM [tsx] change in ./src\index.ts Restarting...
cWeb listening on http://localhost:3000
10:50:41 PM [tsx] change in ./src\index.ts Restarting...
cWeb listening on http://localhost:3000
11:13:37 PM [tsx] change in ./src\index.ts Restarting...
cWeb listening on http://localhost:3000
11:13:53 PM [tsx] change in ./src\index.ts Restarting...
cWeb listening on http://localhost:3000
11:14:10 PM [tsx] change in ./src\index.ts Restarting...
cWeb listening on http://localhost:3000
11:14:30 PM [tsx] change in ./src\index.ts Restarting...
cWeb listening on http://localhost:3000
5:00:14 PM [tsx] change in ./src\index.ts Restarting...
cWeb listening on http://localhost:3000
5:00:19 PM [tsx] change in ./src\index.ts Restarting...
cWeb listening on http://localhost:3000
5:00:59 PM [tsx] change in ./src\index.ts Restarting...
cWeb listening on http://localhost:3000
